<?xml version="1.0" encoding="UTF-8"?>
<testsuite xmlns:xsi="http://www.w3.org/2001/XMLSchema-instance" xsi:noNamespaceSchemaLocation="https://maven.apache.org/surefire/maven-surefire-plugin/xsd/surefire-test-report-3.0.xsd" version="3.0" name="com.bootcamp.assignment1.Assignment1ApplicationTests" time="0.972" tests="1" errors="0" skipped="0" failures="0">
  <properties>
[...]
</properties>
  <testcase name="contextLoads" classname="com.bootcamp.assignment1.Assignment1ApplicationTests" time="0.103">
    <system-out><![CDATA[18:41:31.472 [main] INFO org.springframework.test.context.support.AnnotationConfigContextLoaderUtils -- Could not detect default configuration classes for test class [com.bootcamp.assignment1.Assignment1ApplicationTests]: Assignment1ApplicationTests does not declare any static, non-private, non-final, nested classes annotated with @Configuration.
18:41:31.525 [main] INFO org.springframework.boot.test.context.SpringBootTestContextBootstrapper -- Found @SpringBootConfiguration com.bootcamp.assignment1.Assignment1Application for test class com.bootcamp.assignment1.Assignment1ApplicationTests
18:41:31.593 [main] INFO org.springframework.boot.devtools.restart.RestartApplicationListener -- Restart disabled due to context in which it is running

  .   ____          _            __ _ _
 /\\ / ___'_ __ _ _(_)_ __  __ _ \ \ \ \
( ( )\___ | '_ | '_| | '_ \/ _` | \ \ \ \
 \\/  ___)| |_)| | | | | || (_| |  ) ) ) )
  '  |____| .__|_| |_|_| |_\__, | / / / /
 =========|_|==============|___/=/_/_/_/

 :: Spring Boot ::                (v3.3.1)

2024-07-11T18:41:31.755+05:30  INFO 27168 --- [assignment1] [           main] c.b.a.Assignment1ApplicationTests        : Starting Assignment1ApplicationTests using Java 22.0.1 with PID 27168 (started by shaikmohammedghousebasha in /Users/shaikmohammedghousebasha/Documents/Bootcamp/assignment1)
2024-07-11T18:41:31.756+05:30  INFO 27168 --- [assignment1] [           main] c.b.a.Assignment1ApplicationTests        : The following 1 profile is active: "prod"
2024-07-11T18:41:32.251+05:30  INFO 27168 --- [assignment1] [           main] c.b.a.Assignment1ApplicationTests        : Started Assignment1ApplicationTests in 0.664 seconds (process running for 1.826)
]]></system-out>
  </testcase>
</testsuite>